{
  "stats": {
    "suites": 1,
    "tests": 3,
    "passes": 3,
    "pending": 0,
    "failures": 0,
    "start": "2024-09-20T17:48:18.652Z",
    "end": "2024-09-20T17:48:29.855Z",
    "duration": 11203,
    "testsRegistered": 3,
    "passPercent": 100,
    "pendingPercent": 0,
    "other": 0,
    "hasOther": false,
    "skipped": 0,
    "hasSkipped": false
  },
  "results": [
    {
      "uuid": "797e49df-ecae-45cd-943a-d7963c089ce9",
      "title": "",
      "fullFile": "integration/tracking/user/create-report.smoke.cy.ts",
      "file": "integration/tracking/user/create-report.smoke.cy.ts",
      "beforeHooks": [],
      "afterHooks": [],
      "tests": [],
      "suites": [
        {
          "uuid": "1bef4554-0fc8-4708-bc6e-496d861a0aea",
          "title": "create scheduled report PFM-TC-2026",
          "fullFile": "",
          "file": "",
          "beforeHooks": [],
          "afterHooks": [],
          "tests": [
            {
              "title": "Create report with DAILY frequency",
              "fullTitle": "create scheduled report PFM-TC-2026 Create report with DAILY frequency",
              "timedOut": null,
              "duration": 6053,
              "state": "passed",
              "speed": "medium",
              "pass": true,
              "fail": false,
              "pending": false,
              "context": null,
              "code": "cy.conserveSession();\nvar reportName = faker__WEBPACK_IMPORTED_MODULE_0__.name.title();\ncy.navigateToTrackingPages('user', 'reports', wsName);\n_page_objects_models_tracking_page__WEBPACK_IMPORTED_MODULE_2__[\"default\"].bodyBtnCreateReport().click();\n_page_objects_models_tracking_page__WEBPACK_IMPORTED_MODULE_2__[\"default\"].bodyModalCreateReport().within(function () {\n    _page_objects_models_tracking_page__WEBPACK_IMPORTED_MODULE_2__[\"default\"].bodyInptxtReportName().type(reportName);\n    _page_objects_models_tracking_page__WEBPACK_IMPORTED_MODULE_2__[\"default\"].bodyDropDownFilters().click();\n    _page_objects_models_tracking_page__WEBPACK_IMPORTED_MODULE_2__[\"default\"].bodySelectFilter(filterId).click();\n    _page_objects_models_tracking_page__WEBPACK_IMPORTED_MODULE_2__[\"default\"].bodyDropDownFilters().should('have.attr', 'title', filterName);\n    _page_objects_models_tracking_page__WEBPACK_IMPORTED_MODULE_2__[\"default\"].bodyRadioFrequency(freq).click({ force: true });\n    _page_objects_models_tracking_page__WEBPACK_IMPORTED_MODULE_2__[\"default\"].bodyTxtExportInfoFromCreateReport().should('be.visible')\n        .and('contain', Cypress.i18nTracking('tr.scheduled-reports.modal.info.export'));\n    _page_objects_models_tracking_page__WEBPACK_IMPORTED_MODULE_2__[\"default\"].bodyBtnSave().click();\n});\n_page_objects_models_login_page__WEBPACK_IMPORTED_MODULE_3__[\"default\"].i18nGetToast('success').should('be.visible').and('contain', Cypress.i18nTracking('tr.scheduled-reports.save-report.success'));\n_page_objects_models_tracking_page__WEBPACK_IMPORTED_MODULE_2__[\"default\"].bodySelectReportName(reportName).should('be.visible').click();\n_page_objects_models_tracking_page__WEBPACK_IMPORTED_MODULE_2__[\"default\"].bodySwitchReportStatus().should('have.attr', 'aria-checked', 'true');\n_page_objects_models_tracking_page__WEBPACK_IMPORTED_MODULE_2__[\"default\"].bodyScheduledReportDetails().should('contain', Cypress.i18nTracking(i18nAttr)).and('contain', filterName);",
              "err": {},
              "uuid": "1561e7c5-c887-40a5-b8ed-7356572678c4",
              "parentUUID": "1bef4554-0fc8-4708-bc6e-496d861a0aea",
              "isHook": false,
              "skipped": false
            },
            {
              "title": "Create report with WEEKLY frequency",
              "fullTitle": "create scheduled report PFM-TC-2026 Create report with WEEKLY frequency",
              "timedOut": null,
              "duration": 2378,
              "state": "passed",
              "speed": "fast",
              "pass": true,
              "fail": false,
              "pending": false,
              "context": null,
              "code": "cy.conserveSession();\nvar reportName = faker__WEBPACK_IMPORTED_MODULE_0__.name.title();\ncy.navigateToTrackingPages('user', 'reports', wsName);\n_page_objects_models_tracking_page__WEBPACK_IMPORTED_MODULE_2__[\"default\"].bodyBtnCreateReport().click();\n_page_objects_models_tracking_page__WEBPACK_IMPORTED_MODULE_2__[\"default\"].bodyModalCreateReport().within(function () {\n    _page_objects_models_tracking_page__WEBPACK_IMPORTED_MODULE_2__[\"default\"].bodyInptxtReportName().type(reportName);\n    _page_objects_models_tracking_page__WEBPACK_IMPORTED_MODULE_2__[\"default\"].bodyDropDownFilters().click();\n    _page_objects_models_tracking_page__WEBPACK_IMPORTED_MODULE_2__[\"default\"].bodySelectFilter(filterId).click();\n    _page_objects_models_tracking_page__WEBPACK_IMPORTED_MODULE_2__[\"default\"].bodyDropDownFilters().should('have.attr', 'title', filterName);\n    _page_objects_models_tracking_page__WEBPACK_IMPORTED_MODULE_2__[\"default\"].bodyRadioFrequency(freq).click({ force: true });\n    _page_objects_models_tracking_page__WEBPACK_IMPORTED_MODULE_2__[\"default\"].bodyTxtExportInfoFromCreateReport().should('be.visible')\n        .and('contain', Cypress.i18nTracking('tr.scheduled-reports.modal.info.export'));\n    _page_objects_models_tracking_page__WEBPACK_IMPORTED_MODULE_2__[\"default\"].bodyBtnSave().click();\n});\n_page_objects_models_login_page__WEBPACK_IMPORTED_MODULE_3__[\"default\"].i18nGetToast('success').should('be.visible').and('contain', Cypress.i18nTracking('tr.scheduled-reports.save-report.success'));\n_page_objects_models_tracking_page__WEBPACK_IMPORTED_MODULE_2__[\"default\"].bodySelectReportName(reportName).should('be.visible').click();\n_page_objects_models_tracking_page__WEBPACK_IMPORTED_MODULE_2__[\"default\"].bodySwitchReportStatus().should('have.attr', 'aria-checked', 'true');\n_page_objects_models_tracking_page__WEBPACK_IMPORTED_MODULE_2__[\"default\"].bodyScheduledReportDetails().should('contain', Cypress.i18nTracking(i18nAttr)).and('contain', filterName);",
              "err": {},
              "uuid": "4fab4a59-b41a-486b-b00a-3c80da286537",
              "parentUUID": "1bef4554-0fc8-4708-bc6e-496d861a0aea",
              "isHook": false,
              "skipped": false
            },
            {
              "title": "Create report with MONTHLY frequency",
              "fullTitle": "create scheduled report PFM-TC-2026 Create report with MONTHLY frequency",
              "timedOut": null,
              "duration": 2563,
              "state": "passed",
              "speed": "fast",
              "pass": true,
              "fail": false,
              "pending": false,
              "context": null,
              "code": "cy.conserveSession();\nvar reportName = faker__WEBPACK_IMPORTED_MODULE_0__.name.title();\ncy.navigateToTrackingPages('user', 'reports', wsName);\n_page_objects_models_tracking_page__WEBPACK_IMPORTED_MODULE_2__[\"default\"].bodyBtnCreateReport().click();\n_page_objects_models_tracking_page__WEBPACK_IMPORTED_MODULE_2__[\"default\"].bodyModalCreateReport().within(function () {\n    _page_objects_models_tracking_page__WEBPACK_IMPORTED_MODULE_2__[\"default\"].bodyInptxtReportName().type(reportName);\n    _page_objects_models_tracking_page__WEBPACK_IMPORTED_MODULE_2__[\"default\"].bodyDropDownFilters().click();\n    _page_objects_models_tracking_page__WEBPACK_IMPORTED_MODULE_2__[\"default\"].bodySelectFilter(filterId).click();\n    _page_objects_models_tracking_page__WEBPACK_IMPORTED_MODULE_2__[\"default\"].bodyDropDownFilters().should('have.attr', 'title', filterName);\n    _page_objects_models_tracking_page__WEBPACK_IMPORTED_MODULE_2__[\"default\"].bodyRadioFrequency(freq).click({ force: true });\n    _page_objects_models_tracking_page__WEBPACK_IMPORTED_MODULE_2__[\"default\"].bodyTxtExportInfoFromCreateReport().should('be.visible')\n        .and('contain', Cypress.i18nTracking('tr.scheduled-reports.modal.info.export'));\n    _page_objects_models_tracking_page__WEBPACK_IMPORTED_MODULE_2__[\"default\"].bodyBtnSave().click();\n});\n_page_objects_models_login_page__WEBPACK_IMPORTED_MODULE_3__[\"default\"].i18nGetToast('success').should('be.visible').and('contain', Cypress.i18nTracking('tr.scheduled-reports.save-report.success'));\n_page_objects_models_tracking_page__WEBPACK_IMPORTED_MODULE_2__[\"default\"].bodySelectReportName(reportName).should('be.visible').click();\n_page_objects_models_tracking_page__WEBPACK_IMPORTED_MODULE_2__[\"default\"].bodySwitchReportStatus().should('have.attr', 'aria-checked', 'true');\n_page_objects_models_tracking_page__WEBPACK_IMPORTED_MODULE_2__[\"default\"].bodyScheduledReportDetails().should('contain', Cypress.i18nTracking(i18nAttr)).and('contain', filterName);",
              "err": {},
              "uuid": "66097153-ff4e-4431-af95-72686d619388",
              "parentUUID": "1bef4554-0fc8-4708-bc6e-496d861a0aea",
              "isHook": false,
              "skipped": false
            }
          ],
          "suites": [],
          "passes": [
            "1561e7c5-c887-40a5-b8ed-7356572678c4",
            "4fab4a59-b41a-486b-b00a-3c80da286537",
            "66097153-ff4e-4431-af95-72686d619388"
          ],
          "failures": [],
          "pending": [],
          "skipped": [],
          "duration": 10994,
          "root": false,
          "rootEmpty": false,
          "_timeout": 2000
        }
      ],
      "passes": [],
      "failures": [],
      "pending": [],
      "skipped": [],
      "duration": 0,
      "root": true,
      "rootEmpty": true,
      "_timeout": 2000
    }
  ],
  "meta": {
    "mocha": {
      "version": "7.0.1"
    },
    "mochawesome": {
      "options": {
        "quiet": false,
        "reportFilename": "mochawesome",
        "saveHtml": false,
        "saveJson": true,
        "consoleReporter": "spec",
        "useInlineDiffs": false,
        "code": true
      },
      "version": "7.1.3"
    },
    "marge": {
      "options": {
        "reportDir": "reports",
        "reportTitle": "End 2 end smoke tests",
        "reportPageTitle": "End 2 end tests report",
        "overwrite": false,
        "html": false,
        "json": true
      },
      "version": "6.2.0"
    }
  }
}