{
  "stats": {
    "suites": 1,
    "tests": 1,
    "passes": 1,
    "pending": 0,
    "failures": 0,
    "start": "2024-09-20T17:48:00.569Z",
    "end": "2024-09-20T17:48:07.993Z",
    "duration": 7424,
    "testsRegistered": 1,
    "passPercent": 100,
    "pendingPercent": 0,
    "other": 0,
    "hasOther": false,
    "skipped": 0,
    "hasSkipped": false
  },
  "results": [
    {
      "uuid": "d1238c7f-e8a0-41c6-9a2b-10edeaff52f7",
      "title": "",
      "fullFile": "integration/tracking/user/consulte-activities-history.smoke.cy.ts",
      "file": "integration/tracking/user/consulte-activities-history.smoke.cy.ts",
      "beforeHooks": [],
      "afterHooks": [],
      "tests": [],
      "suites": [
        {
          "uuid": "b87068f8-d842-4565-beae-6bd149f35c71",
          "title": "consulte activities PFM-TC-2018",
          "fullFile": "",
          "file": "",
          "beforeHooks": [],
          "afterHooks": [],
          "tests": [
            {
              "title": "Consulte history",
              "fullTitle": "consulte activities PFM-TC-2018 Consulte history",
              "timedOut": null,
              "duration": 7294,
              "state": "passed",
              "speed": "medium",
              "pass": true,
              "fail": false,
              "pending": false,
              "context": null,
              "code": "cy.conserveSession();\ncy.navigateToTrackingPages('user', 'activities', wsName);\n_page_objects_models_tracking_page__WEBPACK_IMPORTED_MODULE_0__[\"default\"].filterButton('date-filter').should('be.visible');\n_page_objects_models_tracking_page__WEBPACK_IMPORTED_MODULE_0__[\"default\"].filterButton('applications-filter').should('be.visible').click();\n_page_objects_models_tracking_page__WEBPACK_IMPORTED_MODULE_0__[\"default\"].bodyBtnAppName('heimdall').click();\n_page_objects_models_tracking_page__WEBPACK_IMPORTED_MODULE_0__[\"default\"].filterButton('events-filter').should('be.visible').click();\n_page_objects_models_tracking_page__WEBPACK_IMPORTED_MODULE_0__[\"default\"].bodyBtnEventName('LOGOUT').click();\n_page_objects_models_tracking_page__WEBPACK_IMPORTED_MODULE_0__[\"default\"].saveFilterButton().should('be.visible');\n_page_objects_models_tracking_page__WEBPACK_IMPORTED_MODULE_0__[\"default\"].bodyBtnExport().should('be.visible');\ncy.url().should('contain', '?period=P1M&applications=heimdall&events=LOGOUT');\n_page_objects_models_tracking_page__WEBPACK_IMPORTED_MODULE_0__[\"default\"].bodyActivity().first().click();\n_page_objects_models_tracking_page__WEBPACK_IMPORTED_MODULE_0__[\"default\"].bodyBtnActivityTabEvent('tr.history.activities.detail.tabs.events.label').should('be.visible');\n_utils_methode__WEBPACK_IMPORTED_MODULE_1__.checkEvenementTab();\n_page_objects_models_tracking_page__WEBPACK_IMPORTED_MODULE_0__[\"default\"].bodyBtnActivityTabEvent('tr.history.activities.detail.tabs.user.label').should('be.visible').click();\n_utils_methode__WEBPACK_IMPORTED_MODULE_1__.checkUserTab();\n_page_objects_models_tracking_page__WEBPACK_IMPORTED_MODULE_0__[\"default\"].bodyBtnActivityTabEvent('tr.history.activities.detail.tabs.details.label').should('be.visible').click();\n_utils_methode__WEBPACK_IMPORTED_MODULE_1__.checkDetailTab();",
              "err": {},
              "uuid": "e61e533b-8b07-4938-9b02-55adb5ef2091",
              "parentUUID": "b87068f8-d842-4565-beae-6bd149f35c71",
              "isHook": false,
              "skipped": false
            }
          ],
          "suites": [],
          "passes": [
            "e61e533b-8b07-4938-9b02-55adb5ef2091"
          ],
          "failures": [],
          "pending": [],
          "skipped": [],
          "duration": 7294,
          "root": false,
          "rootEmpty": false,
          "_timeout": 2000
        }
      ],
      "passes": [],
      "failures": [],
      "pending": [],
      "skipped": [],
      "duration": 0,
      "root": true,
      "rootEmpty": true,
      "_timeout": 2000
    }
  ],
  "meta": {
    "mocha": {
      "version": "7.0.1"
    },
    "mochawesome": {
      "options": {
        "quiet": false,
        "reportFilename": "mochawesome",
        "saveHtml": false,
        "saveJson": true,
        "consoleReporter": "spec",
        "useInlineDiffs": false,
        "code": true
      },
      "version": "7.1.3"
    },
    "marge": {
      "options": {
        "reportDir": "reports",
        "reportTitle": "End 2 end smoke tests",
        "reportPageTitle": "End 2 end tests report",
        "overwrite": false,
        "html": false,
        "json": true
      },
      "version": "6.2.0"
    }
  }
}