{
  "stats": {
    "suites": 1,
    "tests": 1,
    "passes": 1,
    "pending": 0,
    "failures": 0,
    "start": "2024-09-20T17:43:38.342Z",
    "end": "2024-09-20T17:43:38.636Z",
    "duration": 294,
    "testsRegistered": 1,
    "passPercent": 100,
    "pendingPercent": 0,
    "other": 0,
    "hasOther": false,
    "skipped": 0,
    "hasSkipped": false
  },
  "results": [
    {
      "uuid": "c53d004d-8534-4817-b3a2-db4cd5e82313",
      "title": "",
      "fullFile": "integration/health check/Asgard-homeHealthCheck.smoke.cy.ts",
      "file": "integration/health check/Asgard-homeHealthCheck.smoke.cy.ts",
      "beforeHooks": [],
      "afterHooks": [],
      "tests": [],
      "suites": [
        {
          "uuid": "65218e02-21e3-45c1-bf9a-98d451240ad0",
          "title": "Asgard-home Health Check",
          "fullFile": "",
          "file": "",
          "beforeHooks": [],
          "afterHooks": [],
          "tests": [
            {
              "title": "Asgard-home Health Check",
              "fullTitle": "Asgard-home Health Check Asgard-home Health Check",
              "timedOut": null,
              "duration": 221,
              "state": "passed",
              "speed": "fast",
              "pass": true,
              "fail": false,
              "pending": false,
              "context": null,
              "code": "cy.resetSession();\n(0,_utils_api__WEBPACK_IMPORTED_MODULE_0__.assertFunctionalityHealthCheck)('portal').then(function (res) {\n    expect(res.status).to.equal(200);\n    // expect(res.body.status).to.be.equal('UP' || 'WARN');\n    expect(res.body.status).to.satisfy(function (status) { return status === 'UP' || status === 'WARN'; });\n    cy.log('Asgard-home Health Check : ' + res.body.status);\n});",
              "err": {},
              "uuid": "db56e014-6394-4f97-ad06-e084b5bcb694",
              "parentUUID": "65218e02-21e3-45c1-bf9a-98d451240ad0",
              "isHook": false,
              "skipped": false
            }
          ],
          "suites": [],
          "passes": [
            "db56e014-6394-4f97-ad06-e084b5bcb694"
          ],
          "failures": [],
          "pending": [],
          "skipped": [],
          "duration": 221,
          "root": false,
          "rootEmpty": false,
          "_timeout": 2000
        }
      ],
      "passes": [],
      "failures": [],
      "pending": [],
      "skipped": [],
      "duration": 0,
      "root": true,
      "rootEmpty": true,
      "_timeout": 2000
    }
  ],
  "meta": {
    "mocha": {
      "version": "7.0.1"
    },
    "mochawesome": {
      "options": {
        "quiet": false,
        "reportFilename": "mochawesome",
        "saveHtml": false,
        "saveJson": true,
        "consoleReporter": "spec",
        "useInlineDiffs": false,
        "code": true
      },
      "version": "7.1.3"
    },
    "marge": {
      "options": {
        "reportDir": "reports",
        "reportTitle": "End 2 end smoke tests",
        "reportPageTitle": "End 2 end tests report",
        "overwrite": false,
        "html": false,
        "json": true
      },
      "version": "6.2.0"
    }
  }
}