{
  "stats": {
    "suites": 1,
    "tests": 1,
    "passes": 1,
    "pending": 0,
    "failures": 0,
    "start": "2024-09-20T17:44:06.430Z",
    "end": "2024-09-20T17:44:06.747Z",
    "duration": 317,
    "testsRegistered": 1,
    "passPercent": 100,
    "pendingPercent": 0,
    "other": 0,
    "hasOther": false,
    "skipped": 0,
    "hasSkipped": false
  },
  "results": [
    {
      "uuid": "daa09bf0-7f08-4d5b-bb8c-f432d5b0167f",
      "title": "",
      "fullFile": "integration/health check/TrackingHealthCheck.smoke.cy.ts",
      "file": "integration/health check/TrackingHealthCheck.smoke.cy.ts",
      "beforeHooks": [],
      "afterHooks": [],
      "tests": [],
      "suites": [
        {
          "uuid": "e4730de9-2e1e-4282-b1a0-584b0e080109",
          "title": "Tracking Health Check",
          "fullFile": "",
          "file": "",
          "beforeHooks": [],
          "afterHooks": [],
          "tests": [
            {
              "title": "Tracking Health Check",
              "fullTitle": "Tracking Health Check Tracking Health Check",
              "timedOut": null,
              "duration": 251,
              "state": "passed",
              "speed": "fast",
              "pass": true,
              "fail": false,
              "pending": false,
              "context": null,
              "code": "cy.resetSession();\n(0,_utils_api__WEBPACK_IMPORTED_MODULE_0__.assertFunctionalityHealthCheck)('tracking').then(function (res) {\n    expect(res.status).to.equal(200);\n    expect(res.body.status).to.satisfy(function (status) { return status === 'UP' || status === 'WARN'; });\n    cy.log('Tracking Health Check : ' + res.body.status);\n});",
              "err": {},
              "uuid": "56362d15-f944-4647-a6a0-087b97fe429d",
              "parentUUID": "e4730de9-2e1e-4282-b1a0-584b0e080109",
              "isHook": false,
              "skipped": false
            }
          ],
          "suites": [],
          "passes": [
            "56362d15-f944-4647-a6a0-087b97fe429d"
          ],
          "failures": [],
          "pending": [],
          "skipped": [],
          "duration": 251,
          "root": false,
          "rootEmpty": false,
          "_timeout": 2000
        }
      ],
      "passes": [],
      "failures": [],
      "pending": [],
      "skipped": [],
      "duration": 0,
      "root": true,
      "rootEmpty": true,
      "_timeout": 2000
    }
  ],
  "meta": {
    "mocha": {
      "version": "7.0.1"
    },
    "mochawesome": {
      "options": {
        "quiet": false,
        "reportFilename": "mochawesome",
        "saveHtml": false,
        "saveJson": true,
        "consoleReporter": "spec",
        "useInlineDiffs": false,
        "code": true
      },
      "version": "7.1.3"
    },
    "marge": {
      "options": {
        "reportDir": "reports",
        "reportTitle": "End 2 end smoke tests",
        "reportPageTitle": "End 2 end tests report",
        "overwrite": false,
        "html": false,
        "json": true
      },
      "version": "6.2.0"
    }
  }
}