{
  "stats": {
    "suites": 1,
    "tests": 1,
    "passes": 1,
    "pending": 0,
    "failures": 0,
    "start": "2024-09-20T17:43:32.779Z",
    "end": "2024-09-20T17:43:33.116Z",
    "duration": 337,
    "testsRegistered": 1,
    "passPercent": 100,
    "pendingPercent": 0,
    "other": 0,
    "hasOther": false,
    "skipped": 0,
    "hasSkipped": false
  },
  "results": [
    {
      "uuid": "47664d8d-f1c2-4cd5-80ac-32bcca1326e2",
      "title": "",
      "fullFile": "integration/health check/Asgard-adminHealthCheck.smoke.cy.ts",
      "file": "integration/health check/Asgard-adminHealthCheck.smoke.cy.ts",
      "beforeHooks": [],
      "afterHooks": [],
      "tests": [],
      "suites": [
        {
          "uuid": "a2e3868e-ddd9-4ed7-b402-2d7b95f25d30",
          "title": "Asgard-admin Health Check",
          "fullFile": "",
          "file": "",
          "beforeHooks": [],
          "afterHooks": [],
          "tests": [
            {
              "title": "Asgard-admin Health Check",
              "fullTitle": "Asgard-admin Health Check Asgard-admin Health Check",
              "timedOut": null,
              "duration": 252,
              "state": "passed",
              "speed": "fast",
              "pass": true,
              "fail": false,
              "pending": false,
              "context": null,
              "code": "cy.resetSession();\n(0,_utils_api__WEBPACK_IMPORTED_MODULE_0__.assertFunctionalityHealthCheck)('asgard-admin').then(function (res) {\n    expect(res.status).to.equal(200);\n    expect(res.body.status).to.satisfy(function (status) { return status === 'UP' || status === 'WARN'; });\n    cy.log('Asgard-admin Health Check : ' + res.body.status);\n});",
              "err": {},
              "uuid": "c98e3c45-f68a-4ef7-a35d-389ac0fa9975",
              "parentUUID": "a2e3868e-ddd9-4ed7-b402-2d7b95f25d30",
              "isHook": false,
              "skipped": false
            }
          ],
          "suites": [],
          "passes": [
            "c98e3c45-f68a-4ef7-a35d-389ac0fa9975"
          ],
          "failures": [],
          "pending": [],
          "skipped": [],
          "duration": 252,
          "root": false,
          "rootEmpty": false,
          "_timeout": 2000
        }
      ],
      "passes": [],
      "failures": [],
      "pending": [],
      "skipped": [],
      "duration": 0,
      "root": true,
      "rootEmpty": true,
      "_timeout": 2000
    }
  ],
  "meta": {
    "mocha": {
      "version": "7.0.1"
    },
    "mochawesome": {
      "options": {
        "quiet": false,
        "reportFilename": "mochawesome",
        "saveHtml": false,
        "saveJson": true,
        "consoleReporter": "spec",
        "useInlineDiffs": false,
        "code": true
      },
      "version": "7.1.3"
    },
    "marge": {
      "options": {
        "reportDir": "reports",
        "reportTitle": "End 2 end smoke tests",
        "reportPageTitle": "End 2 end tests report",
        "overwrite": false,
        "html": false,
        "json": true
      },
      "version": "6.2.0"
    }
  }
}