{
  "stats": {
    "suites": 1,
    "tests": 1,
    "passes": 1,
    "pending": 0,
    "failures": 0,
    "start": "2024-09-20T17:43:43.810Z",
    "end": "2024-09-20T17:43:44.290Z",
    "duration": 480,
    "testsRegistered": 1,
    "passPercent": 100,
    "pendingPercent": 0,
    "other": 0,
    "hasOther": false,
    "skipped": 0,
    "hasSkipped": false
  },
  "results": [
    {
      "uuid": "d8c8af74-29f5-48e6-a748-2f0b0dd76a43",
      "title": "",
      "fullFile": "integration/health check/HeimdallAuthHealthCheck.smoke.cy.ts",
      "file": "integration/health check/HeimdallAuthHealthCheck.smoke.cy.ts",
      "beforeHooks": [],
      "afterHooks": [],
      "tests": [],
      "suites": [
        {
          "uuid": "6106e9ed-3387-4e5b-9372-16737f945d03",
          "title": "Heimdall Auth Health Check",
          "fullFile": "",
          "file": "",
          "beforeHooks": [],
          "afterHooks": [],
          "tests": [
            {
              "title": "Heimdall Auth Health Check",
              "fullTitle": "Heimdall Auth Health Check Heimdall Auth Health Check",
              "timedOut": null,
              "duration": 399,
              "state": "passed",
              "speed": "fast",
              "pass": true,
              "fail": false,
              "pending": false,
              "context": null,
              "code": "cy.resetSession();\n(0,_utils_api__WEBPACK_IMPORTED_MODULE_0__.assertFunctionalityHealthCheck)('auth').then(function (res) {\n    expect(res.status).to.equal(200);\n    expect(res.body.status).to.satisfy(function (status) { return status === 'UP' || status === 'WARN'; });\n    cy.log('Heimdall Auth Health Check : ' + res.body.status);\n});",
              "err": {},
              "uuid": "2b42be6d-1fd0-4c96-b226-e709e3cdfdf5",
              "parentUUID": "6106e9ed-3387-4e5b-9372-16737f945d03",
              "isHook": false,
              "skipped": false
            }
          ],
          "suites": [],
          "passes": [
            "2b42be6d-1fd0-4c96-b226-e709e3cdfdf5"
          ],
          "failures": [],
          "pending": [],
          "skipped": [],
          "duration": 399,
          "root": false,
          "rootEmpty": false,
          "_timeout": 2000
        }
      ],
      "passes": [],
      "failures": [],
      "pending": [],
      "skipped": [],
      "duration": 0,
      "root": true,
      "rootEmpty": true,
      "_timeout": 2000
    }
  ],
  "meta": {
    "mocha": {
      "version": "7.0.1"
    },
    "mochawesome": {
      "options": {
        "quiet": false,
        "reportFilename": "mochawesome",
        "saveHtml": false,
        "saveJson": true,
        "consoleReporter": "spec",
        "useInlineDiffs": false,
        "code": true
      },
      "version": "7.1.3"
    },
    "marge": {
      "options": {
        "reportDir": "reports",
        "reportTitle": "End 2 end smoke tests",
        "reportPageTitle": "End 2 end tests report",
        "overwrite": false,
        "html": false,
        "json": true
      },
      "version": "6.2.0"
    }
  }
}