{
  "stats": {
    "suites": 1,
    "tests": 1,
    "passes": 1,
    "pending": 0,
    "failures": 0,
    "start": "2024-09-20T17:47:37.937Z",
    "end": "2024-09-20T17:47:55.515Z",
    "duration": 17578,
    "testsRegistered": 1,
    "passPercent": 100,
    "pendingPercent": 0,
    "other": 0,
    "hasOther": false,
    "skipped": 0,
    "hasSkipped": false
  },
  "results": [
    {
      "uuid": "3b5756b9-1a8e-4550-919f-9fca0776864b",
      "title": "",
      "fullFile": "integration/tracking/user/check-totp-authentication-failures-tracking.smoke.cy.ts",
      "file": "integration/tracking/user/check-totp-authentication-failures-tracking.smoke.cy.ts",
      "beforeHooks": [],
      "afterHooks": [],
      "tests": [],
      "suites": [
        {
          "uuid": "2db9dd0b-3f5e-4160-a977-ed308becd1d7",
          "title": "check TOTP authentication failures tracking PFM-TC-2809",
          "fullFile": "",
          "file": "",
          "beforeHooks": [],
          "afterHooks": [],
          "tests": [
            {
              "title": "check TOTP authentication failures tracking",
              "fullTitle": "check TOTP authentication failures tracking PFM-TC-2809 check TOTP authentication failures tracking",
              "timedOut": null,
              "duration": 15887,
              "state": "passed",
              "speed": "slow",
              "pass": true,
              "fail": false,
              "pending": false,
              "context": null,
              "code": "cy.resetSession();\ncy.login({\n    username: Cypress.env('profile').userTracking.username,\n    password: Cypress.env('profile').userTracking.password,\n}, Cypress.env('profile').userTracking.workspace);\ncy.loadi18nTracking(wsName);\ncy.navigateToTrackingPages('user', 'activities', wsName);\ncy.get('.line').then(function (lines) {\n    var matchingElements = lines.filter(function (_index, line) {\n        var user = Cypress.$(line).find('[data-qa=\"user\"]').text()\n            .trim();\n        var eventType = Cypress.$(line).find('[data-qa=\"event-type\"]').text()\n            .trim();\n        return user === userFullName && eventType === Cypress.i18nTracking('tr.events.AUTH_FAILURE.label');\n    });\n    expect(matchingElements.length).to.equal(5);\n    cy.wrap(matchingElements).first().click();\n    _page_objects_models_tracking_page__WEBPACK_IMPORTED_MODULE_1__[\"default\"].bodyActivityDetails().should('contain', Cypress.i18nTracking('tr.events.AUTH_FAILURE.label') + ' - ' + userFullName);\n    _page_objects_models_tracking_page__WEBPACK_IMPORTED_MODULE_1__[\"default\"].bodyBtnActivityTabEvent('tr.history.activities.detail.tabs.events.label').should('be.visible');\n    _page_objects_models_tracking_page__WEBPACK_IMPORTED_MODULE_1__[\"default\"].bodyActivityDetailsContent().should('contain', wsName)\n        .and('contain', Cypress.i18nTracking('tr.applications.HEIMDALL.label'))\n        .and('contain', Cypress.i18nTracking('tr.events.AUTH_FAILURE.label'));\n    _page_objects_models_tracking_page__WEBPACK_IMPORTED_MODULE_1__[\"default\"].bodyBtnActivityTabEvent('tr.history.activities.detail.tabs.user.label').should('be.visible').click();\n    _page_objects_models_tracking_page__WEBPACK_IMPORTED_MODULE_1__[\"default\"].bodyActivityDetailsContent().should('contain', 'USER')\n        .and('contain', userId)\n        .and('contain', userLogin)\n        .and('contain', userFullName)\n        .and('contain', userEmail);\n    _page_objects_models_tracking_page__WEBPACK_IMPORTED_MODULE_1__[\"default\"].bodyBtnActivityTabEvent('tr.history.activities.detail.tabs.details.label').should('be.visible').click();\n    _page_objects_models_tracking_page__WEBPACK_IMPORTED_MODULE_1__[\"default\"].bodyActivityDetailsContent().should('contain', \"workspace: \\\"\".concat(wsName, \"\\\"\"))\n        .and('contain', 'type: \"BAD_TOTP\"')\n        .and('contain', \"countFailedAttempts: \".concat(attemptsNbr))\n        .and('contain', 'maxFailedAttemptsReached: true');\n});",
              "err": {},
              "uuid": "36b46dd0-a46b-4007-8365-33afd53e714f",
              "parentUUID": "2db9dd0b-3f5e-4160-a977-ed308becd1d7",
              "isHook": false,
              "skipped": false
            }
          ],
          "suites": [],
          "passes": [
            "36b46dd0-a46b-4007-8365-33afd53e714f"
          ],
          "failures": [],
          "pending": [],
          "skipped": [],
          "duration": 15887,
          "root": false,
          "rootEmpty": false,
          "_timeout": 2000
        }
      ],
      "passes": [],
      "failures": [],
      "pending": [],
      "skipped": [],
      "duration": 0,
      "root": true,
      "rootEmpty": true,
      "_timeout": 2000
    }
  ],
  "meta": {
    "mocha": {
      "version": "7.0.1"
    },
    "mochawesome": {
      "options": {
        "quiet": false,
        "reportFilename": "mochawesome",
        "saveHtml": false,
        "saveJson": true,
        "consoleReporter": "spec",
        "useInlineDiffs": false,
        "code": true
      },
      "version": "7.1.3"
    },
    "marge": {
      "options": {
        "reportDir": "reports",
        "reportTitle": "End 2 end smoke tests",
        "reportPageTitle": "End 2 end tests report",
        "overwrite": false,
        "html": false,
        "json": true
      },
      "version": "6.2.0"
    }
  }
}